<?xml version="1.0" encoding="UTF-8"?>
<testsuite name="TwoferTest" tests="4" skipped="0" failures="0" errors="0" timestamp="2022-10-27T00:29:58" hostname="DESKTOP-AESKVB2" time="0.126">
  <properties/>
  <testcase name="myTestNameGiven" classname="TwoferTest" time="0.124"/>
  <testcase name="noNameGiven" classname="TwoferTest" time="0.0"/>
  <testcase name="aNameGiven" classname="TwoferTest" time="0.0"/>
  <testcase name="anotherNameGiven" classname="TwoferTest" time="0.001"/>
  <system-out><![CDATA[]]></system-out>
  <system-err><![CDATA[]]></system-err>
</testsuite>
